/*C119*/SET SCHEMA PUBLIC
DISCONNECT
/*C122*/SET SCHEMA PUBLIC
DISCONNECT
/*C118*/SET SCHEMA PUBLIC
DISCONNECT
/*C115*/SET SCHEMA PUBLIC
DISCONNECT
/*C116*/SET SCHEMA PUBLIC
DISCONNECT
/*C123*/SET SCHEMA PUBLIC
DISCONNECT
/*C124*/SET SCHEMA PUBLIC
DISCONNECT
/*C121*/SET SCHEMA PUBLIC
DISCONNECT
/*C117*/SET SCHEMA PUBLIC
DISCONNECT
/*C120*/SET SCHEMA PUBLIC
DISCONNECT
/*C125*/SET SCHEMA PUBLIC
DISCONNECT
/*C128*/SET SCHEMA PUBLIC
DISCONNECT
/*C127*/SET SCHEMA PUBLIC
DISCONNECT
/*C126*/SET SCHEMA PUBLIC
DISCONNECT
/*C133*/SET SCHEMA PUBLIC
DISCONNECT
/*C129*/SET SCHEMA PUBLIC
DISCONNECT
/*C132*/SET SCHEMA PUBLIC
DISCONNECT
/*C131*/SET SCHEMA PUBLIC
DISCONNECT
/*C130*/SET SCHEMA PUBLIC
DISCONNECT
/*C134*/SET SCHEMA PUBLIC
DISCONNECT
/*C137*/SET SCHEMA PUBLIC
DISCONNECT
/*C139*/SET SCHEMA PUBLIC
DISCONNECT
/*C140*/SET SCHEMA PUBLIC
DISCONNECT
/*C138*/SET SCHEMA PUBLIC
DISCONNECT
/*C142*/SET SCHEMA PUBLIC
DISCONNECT
/*C141*/SET SCHEMA PUBLIC
DISCONNECT
/*C143*/SET SCHEMA PUBLIC
DISCONNECT
/*C146*/SET SCHEMA PUBLIC
DISCONNECT
/*C144*/SET SCHEMA PUBLIC
DISCONNECT
/*C145*/SET SCHEMA PUBLIC
DISCONNECT
/*C135*/SET SCHEMA PUBLIC
ALTER TABLE PUBLIC.PUBLIC.CANDIDATE DROP COLUMN CV
ALTER TABLE PUBLIC.PUBLIC.CANDIDATE ADD CV VARBINARY(40000000)
CREATE TABLE PUBLIC.PUBLIC.CV (\u000d\u000a\u0009ID INTEGER NOT NULL IDENTITY,\u000d\u000a\u0009ID_CANDIDATE INTEGER NOT NULL,\u000d\u000a\u0009STUDIES VARCHAR(100),\u000d\u000a\u0009VOLUNTEERING VARCHAR(100),\u000d\u000a\u0009"WORK" VARCHAR(100),\u000d\u000a\u0009ENGLISH_LEVEL VARCHAR(100),\u000d\u000a\u0009SKILLS VARCHAR(100),\u000d\u000a\u0009PROGRAMATION_LANGUAGES VARCHAR(100),\u000d\u000a\u0009CONSTRAINT CV_PK PRIMARY KEY (ID),\u000d\u000a\u0009CONSTRAINT CV_FK FOREIGN KEY (ID_CANDIDATE) REFERENCES PUBLIC.PUBLIC.CANDIDATE(ID)\u000d\u000a)
/*C148*/SET SCHEMA PUBLIC
DISCONNECT
/*C147*/SET SCHEMA PUBLIC
DISCONNECT
/*C150*/SET SCHEMA PUBLIC
DISCONNECT
/*C149*/SET SCHEMA PUBLIC
DISCONNECT
/*C151*/SET SCHEMA PUBLIC
DISCONNECT
/*C152*/SET SCHEMA PUBLIC
DISCONNECT
/*C153*/SET SCHEMA PUBLIC
DISCONNECT
/*C154*/SET SCHEMA PUBLIC
DISCONNECT
/*C156*/SET SCHEMA PUBLIC
DISCONNECT
/*C155*/SET SCHEMA PUBLIC
DISCONNECT
/*C162*/SET SCHEMA PUBLIC
DISCONNECT
/*C161*/SET SCHEMA PUBLIC
DISCONNECT
/*C165*/SET SCHEMA PUBLIC
DISCONNECT
/*C166*/SET SCHEMA PUBLIC
DISCONNECT
/*C159*/SET SCHEMA PUBLIC
DISCONNECT
/*C158*/SET SCHEMA PUBLIC
DISCONNECT
/*C164*/SET SCHEMA PUBLIC
DISCONNECT
/*C160*/SET SCHEMA PUBLIC
DISCONNECT
/*C157*/SET SCHEMA PUBLIC
DISCONNECT
/*C163*/SET SCHEMA PUBLIC
DISCONNECT
/*C135*/ALTER TABLE PUBLIC.PUBLIC.CANDIDATE ADD ID_CV INTEGER
/*C175*/SET SCHEMA PUBLIC
DISCONNECT
/*C170*/SET SCHEMA PUBLIC
DISCONNECT
/*C169*/SET SCHEMA PUBLIC
DISCONNECT
/*C167*/SET SCHEMA PUBLIC
DISCONNECT
/*C174*/SET SCHEMA PUBLIC
DISCONNECT
/*C168*/SET SCHEMA PUBLIC
DISCONNECT
/*C171*/SET SCHEMA PUBLIC
DISCONNECT
/*C172*/SET SCHEMA PUBLIC
DISCONNECT
/*C185*/SET SCHEMA PUBLIC
SET SCHEMA PUBLIC
SET SCHEMA PUBLIC
/*C176*/SET SCHEMA PUBLIC
DISCONNECT
/*C173*/SET SCHEMA PUBLIC
DISCONNECT
/*C135*/DELETE FROM CANDIDATE WHERE ID=0
INSERT INTO CANDIDATE VALUES(0,NULL,'Nonnah','Baden','1994-12-24','71958681F','591-646-5605','nbaden0@plala.or.jp',NULL,'Erlang',0,NULL,NULL,NULL,NULL,NULL,NULL,NULL,0)
COMMIT
DELETE FROM CANDIDATE WHERE ID=1
INSERT INTO CANDIDATE VALUES(1,NULL,'Claiborn','Shawell','1989-08-01','28224678K','909-780-3858','cshawell1@chron.com',NULL,'JavaFX',NULL,NULL,NULL,NULL,NULL,NULL,NULL,NULL,1)
COMMIT
DELETE FROM CANDIDATE WHERE ID=2
INSERT INTO CANDIDATE VALUES(2,NULL,'Anne-marie','Frampton','1985-12-17','48230973L','466-225-8193','aframpton2@addtoany.com',NULL,'Matlab',NULL,NULL,NULL,NULL,NULL,NULL,NULL,NULL,2)
COMMIT
DELETE FROM CANDIDATE WHERE ID=3
INSERT INTO CANDIDATE VALUES(3,NULL,'Aron','Wiseman','1981-09-08','75760366E','969-405-2922','awiseman3@google.com.br',NULL,'Compliance',NULL,NULL,NULL,NULL,NULL,NULL,NULL,NULL,3)
COMMIT
DELETE FROM CANDIDATE WHERE ID=4
INSERT INTO CANDIDATE VALUES(4,NULL,'Hyatt','Faircley','1977-05-25','14709704P','375-972-2164','hfaircley4@sbwire.com',NULL,'Haskell',NULL,NULL,45000,NULL,NULL,'nulla pede ullamcorper augue a suscipit nulla elit ac nulla',NULL,NULL,4)
COMMIT
DELETE FROM CANDIDATE WHERE ID=5
INSERT INTO CANDIDATE VALUES(5,NULL,'Daune','Woolham','1978-06-21','50472212T','675-891-2878','dwoolham5@stanford.edu',NULL,'React',NULL,NULL,NULL,NULL,NULL,NULL,NULL,NULL,5)
COMMIT
DELETE FROM CANDIDATE WHERE ID=6
INSERT INTO CANDIDATE VALUES(6,NULL,'Kaila','Earwicker','1988-04-26','90445706T','642-759-7346','kearwicker6@sogou.com',NULL,'HTML5',NULL,NULL,23000,NULL,0,'ut ultrices vel augue vestibulum ante ipsum primis in faucibus',NULL,NULL,6)
COMMIT
DELETE FROM CANDIDATE WHERE ID=7
INSERT INTO CANDIDATE VALUES(7,NULL,'Felisha','Rahl','1990-05-28','76140170G','712-914-9094','frahl7@ox.ac.uk',NULL,'Docker',NULL,NULL,NULL,NULL,NULL,NULL,NULL,NULL,7)
COMMIT
DELETE FROM CANDIDATE WHERE ID=8
INSERT INTO CANDIDATE VALUES(8,NULL,'Charla','Note','1981-11-27','41685146S','284-789-0755','cnote8@cafepress.com',NULL,'MS Office',NULL,NULL,NULL,NULL,NULL,NULL,NULL,NULL,8)
COMMIT
DELETE FROM CANDIDATE WHERE ID=9
INSERT INTO CANDIDATE VALUES(9,NULL,'Candie','Ibert','1978-09-24','00273718H','299-578-6249','cibert9@apple.com',NULL,'Taxation',NULL,NULL,NULL,NULL,NULL,NULL,NULL,NULL,9)
COMMIT
DELETE FROM CANDIDATE WHERE ID=10
INSERT INTO CANDIDATE VALUES(10,NULL,'Kelcy','Lathleiffure','1991-04-19','73696168M','890-133-5541','klathleiffurea@miibeian.gov.cn',NULL,'Ruby',NULL,NULL,33500,NULL,NULL,'nulla sed accumsan felis ut at dolor quis odio consequat',NULL,NULL,10)
COMMIT
DELETE FROM CANDIDATE WHERE ID=11
INSERT INTO CANDIDATE VALUES(11,NULL,'Kaleena','Jonk','1994-09-28','76619635B','956-957-8235','kjonkb@e-recht24.de',NULL,'Design',NULL,NULL,NULL,NULL,NULL,NULL,NULL,NULL,11)
COMMIT
DELETE FROM CANDIDATE WHERE ID=12
INSERT INTO CANDIDATE VALUES(12,NULL,'Tami','Scorton','1977-09-25','12571372D','599-466-8570','tscortonc@photobucket.com',NULL,'Compliance',NULL,NULL,NULL,NULL,NULL,NULL,NULL,NULL,12)
COMMIT
DELETE FROM CANDIDATE WHERE ID=13
INSERT INTO CANDIDATE VALUES(13,NULL,'Davin','Frowde','1984-03-06','96529753H','396-303-0612','dfrowded@webs.com',NULL,'React',NULL,NULL,22000,NULL,NULL,'porta volutpat erat quisque erat eros viverra eget congue eget semper',NULL,NULL,13)
COMMIT
DELETE FROM CANDIDATE WHERE ID=14
INSERT INTO CANDIDATE VALUES(14,NULL,'Kial','Titlow','1980-05-06','27680562Q','591-499-8814','ktitlowe@telegraph.co.uk',NULL,'HTML5',NULL,NULL,NULL,NULL,NULL,NULL,NULL,NULL,14)
COMMIT
INSERT INTO CV VALUES(0,0,NULL,NULL,NULL,NULL,NULL,NULL)
COMMIT
INSERT INTO CV VALUES(1,1,NULL,NULL,NULL,NULL,NULL,NULL)
COMMIT
/*C180*/SET SCHEMA PUBLIC
DISCONNECT
/*C178*/SET SCHEMA PUBLIC
DISCONNECT
/*C183*/SET SCHEMA PUBLIC
DISCONNECT
/*C179*/SET SCHEMA PUBLIC
DISCONNECT
/*C184*/SET SCHEMA PUBLIC
DISCONNECT
/*C182*/SET SCHEMA PUBLIC
DISCONNECT
/*C186*/SET SCHEMA PUBLIC
DISCONNECT
/*C187*/SET SCHEMA PUBLIC
DISCONNECT
/*C181*/SET SCHEMA PUBLIC
DISCONNECT
/*C177*/SET SCHEMA PUBLIC
DISCONNECT
/*C135*/INSERT INTO CV VALUES(2,2,NULL,NULL,NULL,NULL,NULL,NULL)
COMMIT
INSERT INTO CV VALUES(3,3,NULL,NULL,NULL,NULL,NULL,NULL)
COMMIT
/*C188*/SET SCHEMA PUBLIC
DISCONNECT
/*C194*/SET SCHEMA PUBLIC
DISCONNECT
/*C191*/SET SCHEMA PUBLIC
DISCONNECT
/*C195*/SET SCHEMA PUBLIC
DISCONNECT
/*C193*/SET SCHEMA PUBLIC
DISCONNECT
/*C196*/SET SCHEMA PUBLIC
DISCONNECT
/*C189*/SET SCHEMA PUBLIC
DISCONNECT
/*C192*/SET SCHEMA PUBLIC
DISCONNECT
/*C197*/SET SCHEMA PUBLIC
DISCONNECT
/*C190*/SET SCHEMA PUBLIC
DISCONNECT
/*C199*/SET SCHEMA PUBLIC
DISCONNECT
/*C198*/SET SCHEMA PUBLIC
DISCONNECT
/*C201*/SET SCHEMA PUBLIC
DISCONNECT
/*C204*/SET SCHEMA PUBLIC
DISCONNECT
/*C206*/SET SCHEMA PUBLIC
DISCONNECT
/*C207*/SET SCHEMA PUBLIC
DISCONNECT
/*C203*/SET SCHEMA PUBLIC
DISCONNECT
/*C205*/SET SCHEMA PUBLIC
DISCONNECT
/*C200*/SET SCHEMA PUBLIC
DISCONNECT
/*C202*/SET SCHEMA PUBLIC
DISCONNECT
/*C217*/SET SCHEMA PUBLIC
DISCONNECT
/*C215*/SET SCHEMA PUBLIC
DISCONNECT
/*C216*/SET SCHEMA PUBLIC
DISCONNECT
/*C208*/SET SCHEMA PUBLIC
DISCONNECT
/*C209*/SET SCHEMA PUBLIC
DISCONNECT
/*C214*/SET SCHEMA PUBLIC
DISCONNECT
/*C210*/SET SCHEMA PUBLIC
DISCONNECT
/*C211*/SET SCHEMA PUBLIC
DISCONNECT
/*C212*/SET SCHEMA PUBLIC
DISCONNECT
/*C213*/SET SCHEMA PUBLIC
DISCONNECT
/*C224*/SET SCHEMA PUBLIC
DISCONNECT
/*C223*/SET SCHEMA PUBLIC
DISCONNECT
/*C218*/SET SCHEMA PUBLIC
DISCONNECT
/*C221*/SET SCHEMA PUBLIC
DISCONNECT
/*C220*/SET SCHEMA PUBLIC
DISCONNECT
/*C225*/SET SCHEMA PUBLIC
DISCONNECT
/*C222*/SET SCHEMA PUBLIC
DISCONNECT
/*C227*/SET SCHEMA PUBLIC
DISCONNECT
/*C219*/SET SCHEMA PUBLIC
DISCONNECT
/*C226*/SET SCHEMA PUBLIC
DISCONNECT
/*C229*/SET SCHEMA PUBLIC
DELETE FROM CANDIDATE WHERE ID=0
INSERT INTO CANDIDATE VALUES(0,NULL,'Nonnah','Baden','1994-12-24','71958681F','591-646-5605','nbaden0@plala.or.jp',NULL,'Erlang',0,NULL,NULL,0,NULL,NULL,NULL,NULL,0)
COMMIT
/*C228*/SET SCHEMA PUBLIC
DELETE FROM CANDIDATE WHERE ID=0
INSERT INTO CANDIDATE VALUES(0,NULL,'Nonnah','Baden','1994-12-24','71958681F','591-646-5605','nbaden0@plala.or.jp',NULL,'Erlang',0,0,NULL,0,NULL,NULL,NULL,NULL,0)
COMMIT
/*C236*/SET SCHEMA PUBLIC
DISCONNECT
/*C232*/SET SCHEMA PUBLIC
DISCONNECT
/*C237*/SET SCHEMA PUBLIC
DISCONNECT
/*C228*/DISCONNECT
/*C234*/SET SCHEMA PUBLIC
DISCONNECT
/*C235*/SET SCHEMA PUBLIC
DISCONNECT
/*C233*/SET SCHEMA PUBLIC
DISCONNECT
/*C231*/SET SCHEMA PUBLIC
DISCONNECT
/*C230*/SET SCHEMA PUBLIC
DISCONNECT
/*C229*/DISCONNECT
/*C238*/SET SCHEMA PUBLIC
DISCONNECT
/*C240*/SET SCHEMA PUBLIC
DISCONNECT
/*C241*/SET SCHEMA PUBLIC
DISCONNECT
/*C243*/SET SCHEMA PUBLIC
DISCONNECT
/*C239*/SET SCHEMA PUBLIC
DISCONNECT
/*C246*/SET SCHEMA PUBLIC
DISCONNECT
/*C242*/SET SCHEMA PUBLIC
DISCONNECT
/*C244*/SET SCHEMA PUBLIC
DISCONNECT
/*C245*/SET SCHEMA PUBLIC
DISCONNECT
/*C247*/SET SCHEMA PUBLIC
DISCONNECT
/*C249*/SET SCHEMA PUBLIC
DISCONNECT
/*C253*/SET SCHEMA PUBLIC
DISCONNECT
/*C255*/SET SCHEMA PUBLIC
DISCONNECT
/*C251*/SET SCHEMA PUBLIC
DISCONNECT
/*C254*/SET SCHEMA PUBLIC
DISCONNECT
/*C257*/SET SCHEMA PUBLIC
DISCONNECT
/*C256*/SET SCHEMA PUBLIC
DISCONNECT
/*C252*/SET SCHEMA PUBLIC
DISCONNECT
/*C250*/SET SCHEMA PUBLIC
DISCONNECT
/*C248*/SET SCHEMA PUBLIC
DISCONNECT
/*C261*/SET SCHEMA PUBLIC
DISCONNECT
/*C259*/SET SCHEMA PUBLIC
DISCONNECT
/*C258*/SET SCHEMA PUBLIC
DISCONNECT
/*C264*/SET SCHEMA PUBLIC
DISCONNECT
/*C260*/SET SCHEMA PUBLIC
DISCONNECT
/*C267*/SET SCHEMA PUBLIC
DISCONNECT
/*C265*/SET SCHEMA PUBLIC
DISCONNECT
/*C262*/SET SCHEMA PUBLIC
DISCONNECT
/*C263*/SET SCHEMA PUBLIC
DISCONNECT
/*C266*/SET SCHEMA PUBLIC
DISCONNECT
/*C269*/SET SCHEMA PUBLIC
DISCONNECT
/*C268*/SET SCHEMA PUBLIC
DISCONNECT
/*C274*/SET SCHEMA PUBLIC
DISCONNECT
/*C273*/SET SCHEMA PUBLIC
DISCONNECT
/*C271*/SET SCHEMA PUBLIC
DISCONNECT
/*C270*/SET SCHEMA PUBLIC
DISCONNECT
/*C272*/SET SCHEMA PUBLIC
DISCONNECT
/*C276*/SET SCHEMA PUBLIC
DISCONNECT
/*C275*/SET SCHEMA PUBLIC
DISCONNECT
/*C277*/SET SCHEMA PUBLIC
DISCONNECT
/*C283*/SET SCHEMA PUBLIC
DISCONNECT
/*C286*/SET SCHEMA PUBLIC
DISCONNECT
/*C278*/SET SCHEMA PUBLIC
DISCONNECT
/*C285*/SET SCHEMA PUBLIC
DISCONNECT
/*C279*/SET SCHEMA PUBLIC
DISCONNECT
/*C284*/SET SCHEMA PUBLIC
DISCONNECT
/*C281*/SET SCHEMA PUBLIC
DISCONNECT
/*C282*/SET SCHEMA PUBLIC
DISCONNECT
/*C280*/SET SCHEMA PUBLIC
DISCONNECT
/*C287*/SET SCHEMA PUBLIC
DISCONNECT
/*C289*/SET SCHEMA PUBLIC
DISCONNECT
/*C291*/SET SCHEMA PUBLIC
DISCONNECT
/*C288*/SET SCHEMA PUBLIC
DISCONNECT
/*C292*/SET SCHEMA PUBLIC
DISCONNECT
/*C295*/SET SCHEMA PUBLIC
DISCONNECT
/*C290*/SET SCHEMA PUBLIC
DISCONNECT
/*C293*/SET SCHEMA PUBLIC
DISCONNECT
/*C294*/SET SCHEMA PUBLIC
DISCONNECT
/*C296*/SET SCHEMA PUBLIC
DISCONNECT
/*C297*/SET SCHEMA PUBLIC
DISCONNECT
/*C298*/SET SCHEMA PUBLIC
DISCONNECT
/*C300*/SET SCHEMA PUBLIC
DISCONNECT
/*C301*/SET SCHEMA PUBLIC
DISCONNECT
/*C303*/SET SCHEMA PUBLIC
DISCONNECT
/*C304*/SET SCHEMA PUBLIC
DISCONNECT
/*C302*/SET SCHEMA PUBLIC
DISCONNECT
/*C299*/SET SCHEMA PUBLIC
DISCONNECT
/*C305*/SET SCHEMA PUBLIC
DISCONNECT
/*C306*/SET SCHEMA PUBLIC
DISCONNECT
/*C307*/SET SCHEMA PUBLIC
DISCONNECT
/*C314*/SET SCHEMA PUBLIC
DISCONNECT
/*C313*/SET SCHEMA PUBLIC
DISCONNECT
/*C310*/SET SCHEMA PUBLIC
DISCONNECT
/*C309*/SET SCHEMA PUBLIC
DISCONNECT
/*C317*/SET SCHEMA PUBLIC
DISCONNECT
/*C308*/SET SCHEMA PUBLIC
DISCONNECT
/*C311*/SET SCHEMA PUBLIC
DISCONNECT
/*C312*/SET SCHEMA PUBLIC
DISCONNECT
/*C315*/SET SCHEMA PUBLIC
DISCONNECT
/*C316*/SET SCHEMA PUBLIC
DISCONNECT
/*C185*/DISCONNECT
/*C135*/DISCONNECT
/*C136*/SET SCHEMA PUBLIC
DISCONNECT
/*C326*/SET SCHEMA PUBLIC
DISCONNECT
/*C319*/SET SCHEMA PUBLIC
DISCONNECT
/*C318*/SET SCHEMA PUBLIC
DISCONNECT
/*C321*/SET SCHEMA PUBLIC
DISCONNECT
/*C325*/SET SCHEMA PUBLIC
DISCONNECT
/*C323*/SET SCHEMA PUBLIC
DISCONNECT
/*C324*/SET SCHEMA PUBLIC
DISCONNECT
/*C320*/SET SCHEMA PUBLIC
DISCONNECT
/*C327*/SET SCHEMA PUBLIC
DISCONNECT
/*C322*/SET SCHEMA PUBLIC
DISCONNECT
